#
# There is insufficient memory for the Java Runtime Environment to continue.
# Native memory allocation (malloc) failed to allocate 1048576 bytes for AllocateHeap
# Possible reasons:
#   The system is out of physical RAM or swap space
#   The process is running with CompressedOops enabled, and the Java Heap may be blocking the growth of the native heap
# Possible solutions:
#   Reduce memory load on the system
#   Increase physical memory or swap space
#   Check if swap backing store is full
#   Decrease Java heap size (-Xmx/-Xms)
#   Decrease number of Java threads
#   Decrease Java thread stack sizes (-Xss)
#   Set larger code cache with -XX:ReservedCodeCacheSize=
#   JVM is running with Zero Based Compressed Oops mode in which the Java heap is
#     placed in the first 32GB address space. The Java Heap base address is the
#     maximum limit for the native heap growth. Please use -XX:HeapBaseMinAddress
#     to set the Java Heap base and to place the Java Heap above 32GB virtual address.
# This output file may be truncated or incomplete.
#
#  Out of Memory Error (memory/allocation.inline.hpp:61), pid=9636, tid=0x00000000000040a0
#
# JRE version:  (8.0) (build )
# Java VM: OpenJDK 64-Bit Server VM (25.71-b00 mixed mode windows-amd64 compressed oops)
# Failed to write core dump. Minidumps are not enabled by default on client versions of Windows
#

---------------  T H R E A D  ---------------

Current thread (0x0000000002d1e800):  JavaThread "Unknown thread" [_thread_in_vm, id=16544, stack(0x0000000002b30000,0x0000000002c30000)]

Stack: [0x0000000002b30000,0x0000000002c30000]
[error occurred during error reporting (printing stack bounds), id 0xc0000005]

Native frames: (J=compiled Java code, j=interpreted, Vv=VM code, C=native code)


---------------  P R O C E S S  ---------------

Java Threads: ( => current thread )

Other Threads:

=>0x0000000002d1e800 (exited) JavaThread "Unknown thread" [_thread_in_vm, id=16544, stack(0x0000000002b30000,0x0000000002c30000)]

VM state:not at safepoint (normal execution)

VM Mutex/Monitor currently owned by a thread: None

heap address: 0x00000006c2200000, size: 4062 MB, Compressed Oops mode: Zero based, Oop shift amount: 3
Narrow klass base: 0x0000000000000000, Narrow klass shift: 3
Compressed class space size: 1073741824 Address: 0x00000007c0000000

Heap:
 PSYoungGen      total 75776K, used 1300K [0x000000076b600000, 0x0000000770a80000, 0x00000007c0000000)
  eden space 65024K, 2% used [0x000000076b600000,0x000000076b7451f8,0x000000076f580000)
  from space 10752K, 0% used [0x0000000770000000,0x0000000770000000,0x0000000770a80000)
  to   space 10752K, 0% used [0x000000076f580000,0x000000076f580000,0x0000000770000000)
 ParOldGen       total 173568K, used 0K [0x00000006c2200000, 0x00000006ccb80000, 0x000000076b600000)
  object space 173568K, 0% used [0x00000006c2200000,0x00000006c2200000,0x00000006ccb80000)
 Metaspace       used 777K, capacity 4480K, committed 4480K, reserved 1056768K
  class space    used 74K, capacity 384K, committed 384K, reserved 1048576K

Card table byte_map: [0x00000000121e0000,0x00000000129d0000] byte_map_base: 0x000000000ebcf000

Marking Bits: (ParMarkBitMap*) 0x0000000072918f30
 Begin Bits: [0x0000000013720000, 0x0000000017698000)
 End Bits:   [0x0000000017698000, 0x000000001b610000)

Polling page: 0x00000000012e0000

CodeCache: size=245760Kb used=328Kb max_used=328Kb free=245431Kb
 bounds [0x0000000002e20000, 0x0000000003090000, 0x0000000011e20000]
 total_blobs=57 nmethods=0 adapters=38
 compilation: enabled

Compilation events (0 events):
No events

GC Heap History (0 events):
No events

Deoptimization events (0 events):
No events

Classes redefined (0 events):
No events

Internal exceptions (0 events):
No events

Events (10 events):
Event: 0.036 loading class java/lang/Short
Event: 0.036 loading class java/lang/Short done
Event: 0.036 loading class java/lang/Integer
Event: 0.036 loading class java/lang/Integer done
Event: 0.036 loading class java/lang/Long
Event: 0.037 loading class java/lang/Long done
Event: 0.037 loading class java/lang/NullPointerException
Event: 0.037 loading class java/lang/NullPointerException done
Event: 0.037 loading class java/lang/ArithmeticException
Event: 0.038 loading class java/lang/ArithmeticException done


Dynamic libraries:
0x00007ff64fb70000 - 0x00007ff64fba5000 	C:\Program Files\Android\Jdk\microsoft_dist_openjdk_1.8.0.25\bin\java.exe
0x00007fff11630000 - 0x00007fff11825000 	C:\Windows\SYSTEM32\ntdll.dll
0x00007fff10230000 - 0x00007fff102ee000 	C:\Windows\System32\KERNEL32.DLL
0x00007fff0f370000 - 0x00007fff0f638000 	C:\Windows\System32\KERNELBASE.dll
0x00007fff0fd90000 - 0x00007fff0fe3e000 	C:\Windows\System32\ADVAPI32.dll
0x00007fff0ff00000 - 0x00007fff0ff9e000 	C:\Windows\System32\msvcrt.dll
0x00007fff10690000 - 0x00007fff1072c000 	C:\Windows\System32\sechost.dll
0x00007fff10390000 - 0x00007fff104b5000 	C:\Windows\System32\RPCRT4.dll
0x00007fff10010000 - 0x00007fff101b1000 	C:\Windows\System32\USER32.dll
0x00007fff0f640000 - 0x00007fff0f662000 	C:\Windows\System32\win32u.dll
0x00007fff10e70000 - 0x00007fff10e9b000 	C:\Windows\System32\GDI32.dll
0x00007fff0f1b0000 - 0x00007fff0f2bd000 	C:\Windows\System32\gdi32full.dll
0x00007fff0f110000 - 0x00007fff0f1ad000 	C:\Windows\System32\msvcp_win.dll
0x00007fff0ef00000 - 0x00007fff0f000000 	C:\Windows\System32\ucrtbase.dll
0x00007ffefbcf0000 - 0x00007ffefbf8a000 	C:\Windows\WinSxS\amd64_microsoft.windows.common-controls_6595b64144ccf1df_6.0.19041.1110_none_60b5254171f9507e\COMCTL32.dll
0x00007fff0f670000 - 0x00007fff0f6a0000 	C:\Windows\System32\IMM32.DLL
0x00000000736a0000 - 0x0000000073771000 	C:\Program Files\Android\Jdk\microsoft_dist_openjdk_1.8.0.25\jre\bin\msvcr100.dll
0x0000000072150000 - 0x0000000072995000 	C:\Program Files\Android\Jdk\microsoft_dist_openjdk_1.8.0.25\jre\bin\server\jvm.dll
0x00007fff10000000 - 0x00007fff10008000 	C:\Windows\System32\PSAPI.DLL
0x00007fff07fb0000 - 0x00007fff07fba000 	C:\Windows\SYSTEM32\VERSION.dll
0x00007ffefa9d0000 - 0x00007ffefa9f7000 	C:\Windows\SYSTEM32\WINMM.dll
0x00007ffef6820000 - 0x00007ffef6829000 	C:\Windows\SYSTEM32\WSOCK32.dll
0x00007fff101c0000 - 0x00007fff1022b000 	C:\Windows\System32\WS2_32.dll
0x00007fff07370000 - 0x00007fff0737f000 	C:\Program Files\Android\Jdk\microsoft_dist_openjdk_1.8.0.25\jre\bin\verify.dll
0x00007ffeda3f0000 - 0x00007ffeda419000 	C:\Program Files\Android\Jdk\microsoft_dist_openjdk_1.8.0.25\jre\bin\java.dll
0x00007ffedec10000 - 0x00007ffedec26000 	C:\Program Files\Android\Jdk\microsoft_dist_openjdk_1.8.0.25\jre\bin\zip.dll

VM Arguments:
java_command: com.xamarin.manifestmerger.Main obj\Debug\100\android\manifestmerger.rsp
java_class_path (initial): C:\Program Files (x86)\Microsoft Visual Studio\2019\Community\MSBuild\Xamarin\Android\manifestmerger.jar
Launcher Type: SUN_STANDARD

Environment Variables:
PATH=C:\Program Files\Android\Jdk\microsoft_dist_openjdk_1.8.0.25\bin;C:\ProgramData\Oracle\Java\javapath;C:\Windows\system32;C:\Windows;C:\Windows\System32\Wbem;C:\Windows\System32\WindowsPowerShell\v1.0\;C:\Windows\System32\OpenSSH\;C:\Users\CongHau\AppData\Local\Programs\Python\Python36-32\Lib\site-packages\cmake\data\bin;C:\Program Files\dotnet\;C:\Program Files\Microsoft SQL Server\130\Tools\Binn\;C:\Program Files\Microsoft SQL Server\Client SDK\ODBC\170\Tools\Binn\;C:\Program Files\Git\cmd;c:\Program Files (x86)\Microsoft SQL Server\110\Tools\Binn\;c:\Program Files\Microsoft SQL Server\110\Tools\Binn\;c:\Program Files\Microsoft SQL Server\110\DTS\Binn\;c:\Program Files (x86)\Microsoft SQL Server\110\Tools\Binn\ManagementStudio\;c:\Program Files (x86)\Microsoft Visual Studio 10.0\Common7\IDE\PrivateAssemblies\;c:\Program Files (x86)\Microsoft SQL Server\110\DTS\Binn\;C:\Program Files\Microsoft\Web Platform Installer\;C:\Program Files (x86)\Microsoft ASP.NET\ASP.NET Web Pages\v1.0\;C:\Users\CongHau\AppData\Local\Android\Sdk;C:\Program Files\nodejs\;C:\xampp\php;C:\composer;C:\Users\CongHau\AppData\Local\Programs\Python\Python37\Scripts\;C:\Users\CongHau\AppData\Local\Programs\Python\Python37\;C:\Users\CongHau\AppData\Local\Programs\Python\Python36-32\Lib\site-packages\cmake\data\bin;C:\Users\CongHau\.dotnet\tools;C:\Users\CongHau\AppData\Local\Programs\Microsoft VS Code\bin;C:\Users\CongHau\AppData\Roaming\npm;C:\Users\CongHau\AppData\Roaming\Composer\vendor\bin
USERNAME=CongHau
OS=Windows_NT
PROCESSOR_IDENTIFIER=Intel64 Family 6 Model 94 Stepping 3, GenuineIntel



---------------  S Y S T E M  ---------------

OS: Windows 10.0 , 64 bit Build 19041 (10.0.19041.1466)

CPU:total 8 (initial active 8) (4 cores per cpu, 2 threads per core) family 6 model 94 stepping 3, cmov, cx8, fxsr, mmx, sse, sse2, sse3, ssse3, sse4.1, sse4.2, popcnt, avx, avx2, aes, clmul, erms, rtm, 3dnowpref, lzcnt, ht, tsc, tscinvbit, bmi1, bmi2, adx

Memory: 4k page, physical 16636788k(2060912k free), swap 21962604k(4700k free)

vm_info: OpenJDK 64-Bit Server VM (25.71-b00) for windows-amd64 JRE (1.8.0-25-microsoft-b00), built on Feb  7 2019 20:09:14 by "builder" with MS VC++ 10.0 (VS2010)

time: Mon Jan 24 11:04:07 2022
timezone: SE Asia Standard Time
elapsed time: 0 seconds (0d 0h 0m 0s)

